<?xml version="1.0" encoding="UTF-8"?>
<testsuite xmlns:xsi="http://www.w3.org/2001/XMLSchema-instance" xsi:noNamespaceSchemaLocation="https://maven.apache.org/surefire/maven-surefire-plugin/xsd/surefire-test-report.xsd" name="com.perry.archmybatis.dao.UmsAdminDaoTest" time="5.122" tests="5" errors="0" skipped="0" failures="0">
  <properties>
[...]
</properties>
  <testcase name="testSelectAll" classname="com.perry.archmybatis.dao.UmsAdminDaoTest" time="0.952"/>
  <testcase name="testInsertAndSelectById" classname="com.perry.archmybatis.dao.UmsAdminDaoTest" time="0.064"/>
  <testcase name="testDeleteById" classname="com.perry.archmybatis.dao.UmsAdminDaoTest" time="0.071"/>
  <testcase name="testSelectByUsername" classname="com.perry.archmybatis.dao.UmsAdminDaoTest" time="0.053"/>
  <testcase name="testUpdate" classname="com.perry.archmybatis.dao.UmsAdminDaoTest" time="0.107"/>
</testsuite>